==21189== Memcheck, a memory error detector
==21189== Copyright (C) 2002-2022, and GNU GPL'd, by Julian Seward et al.
==21189== Using Valgrind-3.21.0.GIT-lbmacos and LibVEX; rerun with -h for copyright info
==21189== Command: ./main
==21189== Parent PID: 3434
==21189== 
==21189== 
==21189== HEAP SUMMARY:
==21189==     in use at exit: 18,191 bytes in 163 blocks
==21189==   total heap usage: 179 allocs, 16 frees, 22,957 bytes allocated
==21189== 
==21189== 2 bytes in 1 blocks are definitely lost in loss record 1 of 38
==21189==    at 0x100124545: malloc (in /Users/apeposhi/.brew/Cellar/valgrind/HEAD-ee485f9/libexec/valgrind/vgpreload_memcheck-amd64-darwin.so)
==21189==    by 0x100003636: ft_get_read (get_next_line.c:29)
==21189==    by 0x100003A3F: get_next_line (get_next_line.c:114)
==21189==    by 0x100003A99: main (get_next_line.c:124)
==21189== 
==21189== LEAK SUMMARY:
==21189==    definitely lost: 2 bytes in 1 blocks
==21189==    indirectly lost: 0 bytes in 0 blocks
==21189==      possibly lost: 0 bytes in 0 blocks
==21189==    still reachable: 0 bytes in 0 blocks
==21189==         suppressed: 18,189 bytes in 162 blocks
==21189== 
==21189== For lists of detected and suppressed errors, rerun with: -s
==21189== ERROR SUMMARY: 1 errors from 1 contexts (suppressed: 7 from 7)
